<?xml version="1.0" encoding="UTF-8"?>
<!-- Generated by org.testng.reporters.JUnitReportReporter -->
<testsuite hostname="DESKTOP-UM81SHF" failures="0" tests="1" name="com.juaracoding.test.tests.LoginTest" time="7.202" errors="0" timestamp="2025-05-26T23:05:56 WIB" skipped="0">
  <testcase classname="com.juaracoding.test.tests.LoginTest" name="testValidLogin" time="7.202"/>
</testsuite> <!-- com.juaracoding.test.tests.LoginTest -->
